<?xml version="1.0" encoding="UTF-8"?>
<testng-results skipped="0" failed="0" ignored="0" total="1" passed="1">
  <reporter-output>
  </reporter-output>
  <suite name="Default suite" duration-ms="34" started-at="2021-10-26T23:44:06 IST" finished-at="2021-10-26T23:44:06 IST">
    <groups>
    </groups>
    <test name="Default test" duration-ms="34" started-at="2021-10-26T23:44:06 IST" finished-at="2021-10-26T23:44:06 IST">
      <class name="com.google.thread.classes.TestRunBrowser">
        <test-method status="PASS" signature="trailData()[pri:0, instance:com.google.thread.classes.TestRunBrowser@9660f4e]" name="trailData" duration-ms="6" started-at="2021-10-26T23:44:06 IST" finished-at="2021-10-26T23:44:06 IST">
          <reporter-output>
          </reporter-output>
        </test-method> <!-- trailData -->
      </class> <!-- com.google.thread.classes.TestRunBrowser -->
    </test> <!-- Default test -->
  </suite> <!-- Default suite -->
</testng-results>
